<?xml version="1.0" encoding="UTF-8"?>
<testng-results ignored="0" total="1" passed="1" failed="0" skipped="0">
  <reporter-output>
  </reporter-output>
  <suite started-at="2022-03-14T16:35:10 IST" name="Default suite" finished-at="2022-03-14T16:35:10 IST" duration-ms="71">
    <groups>
    </groups>
    <test started-at="2022-03-14T16:35:10 IST" name="Default test" finished-at="2022-03-14T16:35:10 IST" duration-ms="71">
      <class name="com.crm.ContactTests.ReadDataTest">
        <test-method signature="readdatatest()[pri:0, instance:com.crm.ContactTests.ReadDataTest@2beee7ff]" started-at="2022-03-14T16:35:10 IST" name="readdatatest" finished-at="2022-03-14T16:35:10 IST" duration-ms="13" status="PASS">
          <reporter-output>
          </reporter-output>
        </test-method> <!-- readdatatest -->
      </class> <!-- com.crm.ContactTests.ReadDataTest -->
    </test> <!-- Default test -->
  </suite> <!-- Default suite -->
</testng-results>
